[MPI rank 4/12] host=pe83.int.triton.aalto.fi, SLURM_PROCID=4, LOCALID=4, NODEID=0
[MPI rank 6/12] host=pe85.int.triton.aalto.fi, SLURM_PROCID=6, LOCALID=0, NODEID=1
[MPI rank 7/12] host=pe85.int.triton.aalto.fi, SLURM_PROCID=7, LOCALID=1, NODEID=1
[MPI rank 5/12] host=pe83.int.triton.aalto.fi, SLURM_PROCID=5, LOCALID=5, NODEID=0
[MPI rank 2/12] host=pe83.int.triton.aalto.fi, SLURM_PROCID=2, LOCALID=2, NODEID=0
[MPI rank 10/12] host=pe85.int.triton.aalto.fi, SLURM_PROCID=10, LOCALID=4, NODEID=1
[MPI rank 0/12] host=pe83.int.triton.aalto.fi, SLURM_PROCID=0, LOCALID=0, NODEID=0
[MPI rank 8/12] host=pe85.int.triton.aalto.fi, SLURM_PROCID=8, LOCALID=2, NODEID=1
[MPI rank 3/12] host=pe83.int.triton.aalto.fi, SLURM_PROCID=3, LOCALID=3, NODEID=0
[MPI rank 11/12] host=pe85.int.triton.aalto.fi, SLURM_PROCID=11, LOCALID=5, NODEID=1
[MPI rank 1/12] host=pe83.int.triton.aalto.fi, SLURM_PROCID=1, LOCALID=1, NODEID=0
[MPI rank 9/12] host=pe85.int.triton.aalto.fi, SLURM_PROCID=9, LOCALID=3, NODEID=1

=== Graph ===
R0 -> [1, 5, 6, 7, 11]
R1 -> [0, 4, 5, 6, 7, 9, 10]
R2 -> [3, 4, 5, 6, 8, 11]
R3 -> [2, 5, 6, 10, 11]
R4 -> [1, 2, 6, 7, 8, 9, 11]
R5 -> [0, 1, 2, 3, 7, 10]
R6 -> [0, 1, 2, 3, 4]
R7 -> [0, 1, 4, 5, 8, 9, 10, 11]
R8 -> [2, 4, 7, 9, 10]
R9 -> [1, 4, 7, 8, 10, 11]
R10 -> [1, 3, 5, 7, 8, 9]
R11 -> [0, 2, 3, 4, 7, 9]
=============

[R0] FINAL means:
[[-5.14  4.95]
 [ 4.98  5.27]
 [-0.13 -0.01]]

[R1] FINAL means:
[[-4.94  5.06]
 [ 5.03  5.04]
 [ 0.09  0.14]]

[R2] FINAL means:
[[-4.86  5.11]
 [-0.03  0.04]
 [ 4.97  4.95]]

[R3] FINAL means:
[[ 5.22  5.25]
 [-2.42  2.5 ]
 [ 4.47  5.01]]

[R4] FINAL means:
[[ 0.06 -0.02]
 [-4.9   4.82]
 [ 4.98  5.02]]

[R5] FINAL means:
[[ 5.03  4.93]
 [-4.83  5.04]
 [ 0.08  0.05]]

[R6] FINAL means:
[[ 0.18  0.06]
 [ 4.91  5.04]
 [-4.84  4.94]]

[R7] FINAL means:
[[-0.02 -0.1 ]
 [-5.09  5.05]
 [ 5.02  5.02]]

[R8] FINAL means:
[[-5.04  5.03]
 [ 5.04  4.99]
 [-0.06 -0.03]]

[R9] FINAL means:
[[ 0.05  0.08]
 [ 5.05  5.23]
 [-5.01  4.97]]

[R10] FINAL means:
[[-5.09  5.  ]
 [ 0.04 -0.18]
 [ 5.03  4.94]]

[R11] FINAL means:
[[ 5.04  5.15]
 [-5.32  5.07]
 [ 0.17 -0.13]]


=== CENTRALIZED GMM ===
[[ 5.04  5.08]
 [-5.    5.01]
 [ 0.    0.  ]]
=======================

[R0] Hungarian matched squared distance: 0.0753
[R1] Hungarian matched squared distance: 0.0331
[R2] Hungarian matched squared distance: 0.0525
[R3] Hungarian matched squared distance: 58.1218
[R4] Hungarian matched squared distance: 0.0585
[R5] Hungarian matched squared distance: 0.0622
[R6] Hungarian matched squared distance: 0.0809
[R7] Hungarian matched squared distance: 0.0239
[R8] Hungarian matched squared distance: 0.0158
[R9] Hungarian matched squared distance: 0.0337
[R10] Hungarian matched squared distance: 0.0646
[R11] Hungarian matched squared distance: 0.1565
